0 info it worked if it ends with ok
1 verbose cli [ 'node', '/usr/local/bin/npm', 'adduser' ]
2 info using npm@1.2.18
3 info using node@v0.10.4
4 verbose adduser before first PUT { name: 'craig',
4 verbose adduser   salt: 'XXXXX',
4 verbose adduser   password_sha: 'XXXXX',
4 verbose adduser   email: 'craigbrookes@gmail.com',
4 verbose adduser   _id: 'org.couchdb.user:craig',
4 verbose adduser   type: 'user',
4 verbose adduser   roles: [],
4 verbose adduser   date: '2013-07-10T21:14:11.439Z' }
5 verbose url raw /-/user/org.couchdb.user:craig
6 verbose url resolving [ 'https://registry.npmjs.org/',
6 verbose url resolving   './-/user/org.couchdb.user:craig' ]
7 verbose url resolved https://registry.npmjs.org/-/user/org.couchdb.user:craig
8 info trying registry request attempt 1 at 22:14:11
9 http PUT https://registry.npmjs.org/-/user/org.couchdb.user:craig
10 http 409 https://registry.npmjs.org/-/user/org.couchdb.user:craig
11 verbose adduser update existing user
12 verbose url raw /-/user/org.couchdb.user:craig
13 verbose url resolving [ 'https://registry.npmjs.org/',
13 verbose url resolving   './-/user/org.couchdb.user:craig' ]
14 verbose url resolved https://registry.npmjs.org/-/user/org.couchdb.user:craig
15 info trying registry request attempt 1 at 22:14:13
16 http GET https://registry.npmjs.org/-/user/org.couchdb.user:craig
17 http 401 https://registry.npmjs.org/-/user/org.couchdb.user:craig
18 verbose adduser back [ [Error: unauthorized Name or password is incorrect.: -/user/org.couchdb.user:craig],
18 verbose adduser   { error: 'unauthorized',
18 verbose adduser     reason: 'Name or password is incorrect.' },
18 verbose adduser   '{"error":"unauthorized","reason":"Name or password is incorrect."}\n' ]
19 warn adduser Incorrect username or password
19 warn adduser You can reset your account by visiting:
19 warn adduser
19 warn adduser     http://admin.npmjs.org/reset
20 error Error: unauthorized Name or password is incorrect.: -/user/org.couchdb.user:craig
20 error     at RegClient.<anonymous> (/usr/local/lib/node_modules/npm/node_modules/npm-registry-client/lib/request.js:269:14)
20 error     at Request.self.callback (/usr/local/lib/node_modules/npm/node_modules/request/index.js:142:22)
20 error     at Request.EventEmitter.emit (events.js:98:17)
20 error     at Request.<anonymous> (/usr/local/lib/node_modules/npm/node_modules/request/index.js:856:14)
20 error     at Request.EventEmitter.emit (events.js:117:20)
20 error     at IncomingMessage.<anonymous> (/usr/local/lib/node_modules/npm/node_modules/request/index.js:808:12)
20 error     at IncomingMessage.EventEmitter.emit (events.js:117:20)
20 error     at _stream_readable.js:883:14
20 error     at process._tickCallback (node.js:415:13)
21 error If you need help, you may report this log at:
21 error     <http://github.com/isaacs/npm/issues>
21 error or email it to:
21 error     <npm-@googlegroups.com>
22 error System Darwin 12.3.0
23 error command "node" "/usr/local/bin/npm" "adduser"
24 error cwd /Users/craigbrookes/work/scripts/readline
25 error node -v v0.10.4
26 error npm -v 1.2.18
27 verbose exit [ 1, true ]
